[2026-02-08 16:04:05] Login successful for: admin
[2026-02-08 16:04:31] Login successful for: admin
[2026-02-08 16:08:22] Login successful for: admin
[2026-02-08 16:21:35] Login successful for: patient
[2026-02-08 16:22:07] Login successful for: worker
[2026-02-08 16:23:03] Login successful for: admin
[2026-02-08 16:46:02] Login failed for: patient102 (Password mismatch)
[2026-02-08 16:46:25] Login failed for: patient102 (Password mismatch)
[2026-02-08 16:46:50] Login failed for: patient102 (Password mismatch)
[2026-02-08 16:46:53] Login failed for: patient102 (Password mismatch)
[2026-02-08 16:47:20] Login failed for: patient103 (Password mismatch)
[2026-02-08 16:47:31] Login successful for: nurse
[2026-02-08 16:47:31] Home access: user=nurse, role=home_nurse
[2026-02-08 16:48:05] Login successful for: caregiver
[2026-02-08 16:48:05] Home access: user=caregiver, role=caregiver
[2026-02-08 16:48:06] Login successful for: caregiver
[2026-02-08 16:48:06] Home access: user=caregiver, role=caregiver
[2026-02-08 16:48:28] Login successful for: worker
[2026-02-08 16:48:28] Home access: user=worker, role=migrant_worker
[2026-02-08 23:21:06] Login successful for: worker
[2026-02-08 23:21:06] Home access: user=worker, role=migrant_worker
[2026-02-08 23:21:16] Login failed for: adminq (User not found)
[2026-02-08 23:21:26] Login successful for: admin
[2026-02-08 23:21:26] Home access: user=admin, role=admin
[2026-02-08 23:21:37] Login failed for: admin (Password mismatch)
[2026-02-08 23:21:39] Login successful for: worker
[2026-02-08 23:21:39] Home access: user=worker, role=migrant_worker
[2026-02-08 23:21:51] Login successful for: admin
[2026-02-08 23:21:51] Home access: user=admin, role=admin
[2026-02-08 23:24:06] Login successful for: admin
[2026-02-08 23:24:06] Home access: user=admin, role=admin
[2026-02-08 23:39:03] Login successful for: worker
[2026-02-08 23:39:03] Home access: user=worker, role=migrant_worker
[2026-02-08 23:39:12] Login successful for: admin
[2026-02-08 23:39:12] Home access: user=admin, role=admin
[2026-02-08 23:40:21] Login failed for: patient102 (Password mismatch)
[2026-02-08 23:41:12] Login failed for: patient102 (Password mismatch)
[2026-02-08 23:52:39] Login successful for: patient102
[2026-02-08 23:52:39] Home access: user=patient102, role=patient
[2026-02-08 23:52:39] Login successful for: worker3
[2026-02-08 23:52:39] Home access: user=worker3, role=migrant_worker
[2026-02-08 23:54:31] Login failed for: patient102 (Password mismatch)
[2026-02-08 23:54:32] Login successful for: worker
[2026-02-08 23:54:32] Home access: user=worker, role=migrant_worker
[2026-02-08 23:54:46] Login failed for: patient102 (Password mismatch)
[2026-02-08 23:55:14] Login failed for: patient102 (Password mismatch)
[2026-02-08 23:55:35] Login failed for: patient103 (Password mismatch)
[2026-02-08 23:55:38] Login successful for: worker
[2026-02-08 23:55:38] Home access: user=worker, role=migrant_worker
[2026-02-09 00:03:16] Login successful for: admin
[2026-02-09 00:03:16] Home access: user=admin, role=admin
[2026-02-09 00:03:58] Login failed for: patient102 (Password mismatch)
[2026-02-09 00:04:08] Login failed for: patient102 (Password mismatch)
[2026-02-09 00:04:09] Login failed for: patient102 (Password mismatch)
[2026-02-09 00:04:10] Login failed for: patient102 (Password mismatch)
[2026-02-09 00:04:10] Login failed for: patient102 (Password mismatch)
[2026-02-09 00:04:10] Login failed for: patient102 (Password mismatch)
[2026-02-09 00:04:11] Login failed for: patient102 (Password mismatch)
[2026-02-09 00:04:21] Login successful for: admin
[2026-02-09 00:04:21] Home access: user=admin, role=admin
[2026-02-09 00:05:59] Login successful for: patient2
[2026-02-09 00:05:59] Home access: user=patient2, role=patient
[2026-02-09 00:06:10] Login successful for: patient2
[2026-02-09 00:06:10] Home access: user=patient2, role=patient
[2026-02-09 00:06:13] Login failed for: patient102 (User not found)
[2026-02-09 00:06:27] Login successful for: patient2
[2026-02-09 00:06:27] Home access: user=patient2, role=patient
[2026-02-09 00:06:50] Login successful for: worker
[2026-02-09 00:06:50] Home access: user=worker, role=migrant_worker
[2026-02-09 00:41:12] Login successful for: worker
[2026-02-09 00:41:12] Home access: user=worker, role=migrant_worker
[2026-02-09 10:18:57] Login successful for: admin
[2026-02-09 10:18:57] Home access: user=admin, role=admin
[2026-02-09 10:19:34] Login successful for: patient
[2026-02-09 10:19:34] Home access: user=patient, role=patient
[2026-02-09 10:20:08] Login successful for: worker
[2026-02-09 10:20:08] Home access: user=worker, role=migrant_worker
[2026-02-09 10:20:50] Login successful for: caregiver
[2026-02-09 10:20:51] Home access: user=caregiver, role=caregiver
[2026-02-09 10:22:12] Login failed for: patient203 (User not found)
[2026-02-09 10:22:57] Login successful for: patient2
[2026-02-09 10:22:57] Home access: user=patient2, role=patient
[2026-02-09 10:42:05] Login successful for: patient
[2026-02-09 10:42:05] Home access: user=patient, role=patient
[2026-02-09 10:43:44] Login successful for: admin
[2026-02-09 10:43:44] Home access: user=admin, role=admin
[2026-02-09 13:19:07] Login successful for: admin
[2026-02-09 13:19:07] Home access: user=admin, role=admin
[2026-02-09 13:20:23] Login successful for: patient2
[2026-02-09 13:20:23] Home access: user=patient2, role=patient
[2026-02-09 13:20:24] Login successful for: patient2
[2026-02-09 13:20:26] Login successful for: patient2
[2026-02-09 13:20:27] Login successful for: patient2
[2026-02-09 13:20:27] Login successful for: patient2
[2026-02-09 13:20:27] Login successful for: patient2
[2026-02-09 13:20:27] Login successful for: patient2
[2026-02-09 13:20:27] Login successful for: patient2
[2026-02-09 13:20:27] Login successful for: patient2
[2026-02-09 13:20:27] Login successful for: patient2
[2026-02-09 13:20:27] Home access: user=patient2, role=patient
[2026-02-09 13:21:26] Login successful for: admin
[2026-02-09 13:21:26] Home access: user=admin, role=admin
[2026-02-10 10:03:28] Login successful for: patient
[2026-02-10 10:03:28] Home access: user=patient, role=patient
[2026-02-10 10:04:11] Login failed for: patient2 (Password mismatch)
[2026-02-10 10:04:22] Login successful for: patient2
[2026-02-10 10:04:22] Home access: user=patient2, role=patient
[2026-02-10 10:04:49] Login successful for: admin
[2026-02-10 10:04:49] Home access: user=admin, role=admin
[2026-02-10 10:15:07] Login successful for: patient
[2026-02-10 10:15:07] Home access: user=patient, role=patient
[2026-02-10 10:35:07] Login successful for: admin
[2026-02-10 10:35:07] Home access: user=admin, role=admin
[2026-02-10 10:42:40] Login successful for: patient
[2026-02-10 10:42:40] Home access: user=patient, role=patient
[2026-02-10 10:43:10] Login successful for: admin
[2026-02-10 10:43:10] Home access: user=admin, role=admin
[2026-02-10 10:50:03] Login successful for: patient
[2026-02-10 10:50:04] Login successful for: patient
[2026-02-10 10:50:04] Home access: user=patient, role=patient
[2026-02-10 10:50:32] Login successful for: admin
[2026-02-10 10:50:32] Home access: user=admin, role=admin
[2026-02-10 10:53:43] Login successful for: patient
[2026-02-10 10:53:43] Home access: user=patient, role=patient
[2026-02-10 10:54:13] Login successful for: admin
[2026-02-10 10:54:13] Login successful for: admin
[2026-02-10 10:54:13] Login successful for: admin
[2026-02-10 10:54:13] Login successful for: admin
[2026-02-10 10:54:13] Login successful for: admin
[2026-02-10 10:54:13] Login successful for: admin
[2026-02-10 10:54:13] Home access: user=admin, role=admin
[2026-02-10 11:06:08] Login successful for: patient
[2026-02-10 11:06:08] Home access: user=patient, role=patient
[2026-02-10 11:06:26] Login successful for: admin
[2026-02-10 11:06:26] Home access: user=admin, role=admin
[2026-02-10 11:09:27] Login failed for: patient2 (Password mismatch)
[2026-02-10 11:09:40] Login successful for: patient2
[2026-02-10 11:09:40] Home access: user=patient2, role=patient
[2026-02-10 11:10:13] Login successful for: nurse
[2026-02-10 11:10:13] Home access: user=nurse, role=home_nurse
[2026-02-10 11:13:02] Login successful for: admin
[2026-02-10 11:13:02] Home access: user=admin, role=admin
[2026-02-10 11:18:19] Login successful for: patient
[2026-02-10 11:18:19] Home access: user=patient, role=patient
[2026-02-10 11:27:56] Login successful for: nurse
[2026-02-10 11:27:56] Home access: user=nurse, role=home_nurse
[2026-02-10 11:37:34] Login successful for: patient
[2026-02-10 11:37:34] Home access: user=patient, role=patient
[2026-02-10 11:37:55] Login failed for: patient2 (Password mismatch)
[2026-02-10 11:38:05] Login failed for: patient2 (Password mismatch)
[2026-02-10 11:38:07] Login successful for: patient
[2026-02-10 11:38:07] Login successful for: patient
[2026-02-10 11:38:07] Login successful for: patient
[2026-02-10 11:38:08] Login successful for: patient
[2026-02-10 11:38:08] Home access: user=patient, role=patient
[2026-02-10 11:38:22] Login successful for: patient2
[2026-02-10 11:38:22] Home access: user=patient2, role=patient
[2026-02-10 11:39:39] Login successful for: patient
[2026-02-10 11:39:39] Home access: user=patient, role=patient
[2026-02-10 11:40:23] Login successful for: nurse
[2026-02-10 11:40:23] Home access: user=nurse, role=home_nurse
[2026-02-10 11:41:33] Login successful for: patient2
[2026-02-10 11:41:33] Home access: user=patient2, role=patient
[2026-02-10 11:45:47] Login successful for: admin
[2026-02-10 11:45:47] Home access: user=admin, role=admin
[2026-02-10 11:57:21] Login successful for: patient
[2026-02-10 11:57:21] Home access: user=patient, role=patient
[2026-02-10 12:02:08] Login successful for: admin
[2026-02-10 12:02:08] Home access: user=admin, role=admin
[2026-02-10 12:19:16] Login successful for: admin
[2026-02-10 12:19:16] Home access: user=admin, role=admin
[2026-02-10 12:20:03] Login successful for: patient
[2026-02-10 12:20:03] Home access: user=patient, role=patient
[2026-02-10 12:20:29] Login successful for: patient2
[2026-02-10 12:20:30] Home access: user=patient2, role=patient
[2026-02-10 12:21:13] Login successful for: nurse
[2026-02-10 12:21:13] Home access: user=nurse, role=home_nurse
[2026-02-10 12:21:16] Login successful for: nurse
[2026-02-10 12:21:16] Home access: user=nurse, role=home_nurse
[2026-02-10 12:21:33] Login successful for: nurse
[2026-02-10 12:21:33] Home access: user=nurse, role=home_nurse
[2026-02-10 12:26:12] Login successful for: nurse
[2026-02-10 12:26:12] Home access: user=nurse, role=home_nurse
[2026-02-10 12:29:11] Login successful for: nurse
[2026-02-10 12:29:11] Home access: user=nurse, role=home_nurse
[2026-02-10 12:29:56] Login successful for: patient
[2026-02-10 12:29:56] Home access: user=patient, role=patient
[2026-02-10 12:30:22] Login successful for: nurse
[2026-02-10 12:30:22] Home access: user=nurse, role=home_nurse
[2026-02-10 12:31:19] Login successful for: caregiver
[2026-02-10 12:31:19] Home access: user=caregiver, role=caregiver
[2026-02-10 12:32:03] Login successful for: admin
[2026-02-10 12:32:03] Home access: user=admin, role=admin
[2026-02-10 14:51:08] Login failed for: nurse (Password mismatch)
[2026-02-10 14:51:22] Login successful for: nurse
[2026-02-10 14:51:22] Home access: user=nurse, role=home_nurse
[2026-02-10 16:01:54] Login failed for: admin (Password mismatch)
[2026-02-10 16:02:00] Login successful for: admin
[2026-02-10 16:02:00] Home access: user=admin, role=admin
[2026-02-10 16:05:36] Login successful for: patient2
[2026-02-10 16:05:36] Home access: user=patient2, role=patient
[2026-02-10 16:15:17] Login successful for: admin
[2026-02-10 16:15:17] Home access: user=admin, role=admin
[2026-02-10 16:19:12] Login successful for: admin
[2026-02-10 16:19:12] Home access: user=admin, role=admin
[2026-02-10 16:27:08] Login successful for: patient
[2026-02-10 16:27:08] Home access: user=patient, role=patient
[2026-02-10 16:27:27] Login failed for: caregiver (Password mismatch)
[2026-02-10 16:27:45] Login failed for: caregiver1 (User not found)
